Using pre-set license
Built from '2021.1/staging' branch; Version is '2021.1.19f1 (5f5eb8bbdc25) revision 6250168'; Using compiler version '192528614'; Build Type 'Release'
OS: 'Windows 10 Home Single Language; OS build 19042.1165; Version 2009; 64bit' Language: 'en' Physical Memory: 8042 MB
BatchMode: 1, IsHumanControllingUs: 0, StartBugReporterOnCrash: 0, Is64bit: 1, IsPro: 0

COMMAND LINE ARGUMENTS:
C:\Program Files\Unity 2021.1.19f1\Editor\Unity.exe
-adb2
-batchMode
-noUpm
-name
AssetImportWorker1
-projectPath
D:/Unity Project/PTS Game Development
-logFile
Logs/AssetImportWorker1.log
-srvPort
63791
Successfully changed project path to: D:/Unity Project/PTS Game Development
D:/Unity Project/PTS Game Development
Using Asset Import Pipeline V2.
Refreshing native plugins compatible for Editor in 80.64 ms, found 3 plugins.
Preloading 0 native plugins for Editor in 0.00 ms.
Initialize engine version: 2021.1.19f1 (5f5eb8bbdc25)
[Subsystems] Discovering subsystems at path C:/Program Files/Unity 2021.1.19f1/Editor/Data/Resources/UnitySubsystems
[Subsystems] Discovering subsystems at path D:/Unity Project/PTS Game Development/Assets
GfxDevice: creating device client; threaded=0; jobified=0
Direct3D:
    Version:  Direct3D 11.0 [level 11.1]
    Renderer: NVIDIA GeForce GTX 1050 (ID=0x1c8d)
    Vendor:   NVIDIA
    VRAM:     4019 MB
    Driver:   27.21.14.6627
Initialize mono
Mono path[0] = 'C:/Program Files/Unity 2021.1.19f1/Editor/Data/Managed'
Mono path[1] = 'C:/Program Files/Unity 2021.1.19f1/Editor/Data/MonoBleedingEdge/lib/mono/unityjit'
Mono config path = 'C:/Program Files/Unity 2021.1.19f1/Editor/Data/MonoBleedingEdge/etc'
Using monoOptions --debugger-agent=transport=dt_socket,embedding=1,server=y,suspend=n,address=127.0.0.1:56912
Begin MonoManager ReloadAssembly
Registering precompiled unity dll's ...
Register platform support module: C:/Program Files/Unity 2021.1.19f1/Editor/Data/PlaybackEngines/WindowsStandaloneSupport/UnityEditor.WindowsStandalone.Extensions.dll
Registered in 0.001992 seconds.
Native extension for WindowsStandalone target not found
Refreshing native plugins compatible for Editor in 113.62 ms, found 3 plugins.
Preloading 0 native plugins for Editor in 0.00 ms.
Mono: successfully reloaded assembly
- Completed reload, in  1.256 seconds
Domain Reload Profiling:
	ReloadAssembly (1257ms)
		BeginReloadAssembly (93ms)
			ExecutionOrderSort (0ms)
			DisableScriptedObjects (0ms)
			BackupInstance (0ms)
			ReleaseScriptingObjects (0ms)
			CreateAndSetChildDomain (1ms)
		EndReloadAssembly (492ms)
			LoadAssemblies (91ms)
			RebuildTransferFunctionScriptingTraits (0ms)
			SetupTypeCache (166ms)
			ReleaseScriptCaches (0ms)
			RebuildScriptCaches (32ms)
			SetupLoadedEditorAssemblies (248ms)
				LogAssemblyErrors (0ms)
				InitializePlatformSupportModulesInManaged (6ms)
				SetLoadedEditorAssemblies (0ms)
				RefreshPlugins (114ms)
				BeforeProcessingInitializeOnLoad (1ms)
				ProcessInitializeOnLoadAttributes (96ms)
				ProcessInitializeOnLoadMethodAttributes (30ms)
				AfterProcessingInitializeOnLoad (0ms)
				EditorAssembliesLoaded (0ms)
			ExecutionOrderSort2 (0ms)
			AwakeInstancesAfterBackupRestoration (0ms)
Platform modules already initialized, skipping
Registering precompiled user dll's ...
Registered in 0.003288 seconds.
Begin MonoManager ReloadAssembly
Symbol file LoadedFromMemory doesn't match image D:\Unity Project\PTS Game Development\Library\PackageCache\com.unity.visualscripting@1.6.1\Editor\VisualScripting.Core\Dependencies\YamlDotNet\Unity.VisualScripting.YamlDotNet.dll
Symbol file LoadedFromMemory doesn't match image D:\Unity Project\PTS Game Development\Library\PackageCache\com.unity.visualscripting@1.6.1\Editor\VisualScripting.Core\Dependencies\DotNetZip\Unity.VisualScripting.IonicZip.dll
Native extension for WindowsStandalone target not found
Refreshing native plugins compatible for Editor in 0.57 ms, found 3 plugins.
Preloading 0 native plugins for Editor in 0.00 ms.
Mono: successfully reloaded assembly
- Completed reload, in  1.706 seconds
Domain Reload Profiling:
	ReloadAssembly (1707ms)
		BeginReloadAssembly (160ms)
			ExecutionOrderSort (0ms)
			DisableScriptedObjects (4ms)
			BackupInstance (0ms)
			ReleaseScriptingObjects (0ms)
			CreateAndSetChildDomain (21ms)
		EndReloadAssembly (1467ms)
			LoadAssemblies (619ms)
			RebuildTransferFunctionScriptingTraits (0ms)
			SetupTypeCache (339ms)
			ReleaseScriptCaches (1ms)
			RebuildScriptCaches (48ms)
			SetupLoadedEditorAssemblies (365ms)
				LogAssemblyErrors (0ms)
				InitializePlatformSupportModulesInManaged (5ms)
				SetLoadedEditorAssemblies (0ms)
				RefreshPlugins (1ms)
				BeforeProcessingInitializeOnLoad (88ms)
				ProcessInitializeOnLoadAttributes (257ms)
				ProcessInitializeOnLoadMethodAttributes (5ms)
				AfterProcessingInitializeOnLoad (8ms)
				EditorAssembliesLoaded (0ms)
			ExecutionOrderSort2 (0ms)
			AwakeInstancesAfterBackupRestoration (8ms)
Platform modules already initialized, skipping
========================================================================
Worker process is ready to serve import requests
Launched and connected shader compiler UnityShaderCompiler.exe after 0.13 seconds
Refreshing native plugins compatible for Editor in 1.02 ms, found 3 plugins.
Preloading 0 native plugins for Editor in 0.00 ms.
Unloading 2950 Unused Serialized files (Serialized files now loaded: 0)
System memory in use before: 107.0 MB.
System memory in use after: 107.2 MB.

Unloading 20 unused Assets to reduce memory usage. Loaded Objects now: 3397.
Total: 3.387900 ms (FindLiveObjects: 0.265800 ms CreateObjectMapping: 0.195900 ms MarkObjects: 2.855800 ms  DeleteObjects: 0.068900 ms)

AssetImportParameters requested are different than current active one (requested -> active):
  custom:framework-win-MediaFoundation: 216162199b28c13a410421893ffa2e32 -> 
  custom:video-decoder-ogg-theora: a1e56fd34408186e4bbccfd4996cb3dc -> 
  custom:container-muxer-webm: aa71ff27fc2769a1b78a27578f13a17b -> 
  custom:container-demuxer-webm: 4f35f7cbe854078d1ac9338744f61a02 -> 
  custom:container-demuxer-ogg: 62fdf1f143b41e24485cea50d1cbac27 -> 
  custom:video-encoder-webm-vp8: eb34c28f22e8b96e1ab97ce403110664 -> 
  custom:video-decoder-webm-vp8: 9c59270c3fd7afecdb556c50c9e8de78 -> 
  custom:audio-decoder-ogg-vorbis: bf7c407c2cedff20999df2af8eb42d56 -> 
  custom:audio-encoder-webm-vorbis: bf7c407c2cedff20999df2af8eb42d56 -> 
========================================================================
Received Import Request.
  path: Assets/Supercyan Character Pack Free Sample
  artifactKey: Guid(55627d0648eb0f6488ae0eeeed3a7f6b) Importer(815301076,1909f56bfc062723c751e8b465ee728b)
Start importing Assets/Supercyan Character Pack Free Sample using Guid(55627d0648eb0f6488ae0eeeed3a7f6b) Importer(815301076,1909f56bfc062723c751e8b465ee728b)  -> (artifact id: '93a53b80776aeaf9da4c8d270ad4b1f3') in 0.009290 seconds 
========================================================================
Received Import Request.
  Time since last request: 0.000284 seconds.
  path: Assets/Supercyan Character Pack Free Sample/Prefabs/Base/High Quality
  artifactKey: Guid(d729f54eafc8cd1469a4611c5fd9619c) Importer(815301076,1909f56bfc062723c751e8b465ee728b)
Start importing Assets/Supercyan Character Pack Free Sample/Prefabs/Base/High Quality using Guid(d729f54eafc8cd1469a4611c5fd9619c) Importer(815301076,1909f56bfc062723c751e8b465ee728b)  -> (artifact id: '1763f156aaf458bbbaf2ebfb4597af47') in 0.005458 seconds 
========================================================================
Received Import Request.
  Time since last request: 0.000279 seconds.
  path: Assets/Supercyan Character Pack Free Sample/Prefabs/Base/High Quality/MaleFree1.prefab
  artifactKey: Guid(313ad0ef31f75b84f9f31c0528802fdd) Importer(815301076,1909f56bfc062723c751e8b465ee728b)
Start importing Assets/Supercyan Character Pack Free Sample/Prefabs/Base/High Quality/MaleFree1.prefab using Guid(313ad0ef31f75b84f9f31c0528802fdd) Importer(815301076,1909f56bfc062723c751e8b465ee728b) Controller 'FreeAnimations': Transition '' in state 'AnyState' uses parameter 'Pickup' which does not exist in controller.
UnityEngine.StackTraceUtility:ExtractStackTrace ()
UnityEditor.EditorUtility:Internal_InstantiateRemoveAllNonAnimationComponentsSingle (UnityEngine.Object,UnityEngine.Vector3,UnityEngine.Quaternion)
UnityEditor.EditorUtility:InstantiateRemoveAllNonAnimationComponents (UnityEngine.Object,UnityEngine.Vector3,UnityEngine.Quaternion)
UnityEditor.EditorUtility:InstantiateForAnimatorPreview (UnityEngine.Object)
UnityEditor.GameObjectInspector/PreviewData:UpdateGameObject (UnityEngine.Object)
UnityEditor.GameObjectInspector/PreviewData:.ctor (UnityEngine.Object)
UnityEditor.GameObjectInspector:GetPreviewData ()
UnityEditor.GameObjectInspector:RenderStaticPreview (string,UnityEngine.Object[],int,int)
UnityEditor.AssetPreviewUpdater:CreatePreview (UnityEngine.Object,UnityEngine.Object[],string,int,int)
UnityEditor.AssetPreviewUpdater:CreatePreviewForAsset (UnityEngine.Object,UnityEngine.Object[],string)

[C:\buildslave\unity\build\Modules\Animation\AnimatorController.cpp line 871]

Controller 'FreeAnimations': Transition '' in state 'AnyState' uses parameter 'Wave' which does not exist in controller.
UnityEngine.StackTraceUtility:ExtractStackTrace ()
UnityEditor.EditorUtility:Internal_InstantiateRemoveAllNonAnimationComponentsSingle (UnityEngine.Object,UnityEngine.Vector3,UnityEngine.Quaternion)
UnityEditor.EditorUtility:InstantiateRemoveAllNonAnimationComponents (UnityEngine.Object,UnityEngine.Vector3,UnityEngine.Quaternion)
UnityEditor.EditorUtility:InstantiateForAnimatorPreview (UnityEngine.Object)
UnityEditor.GameObjectInspector/PreviewData:UpdateGameObject (UnityEngine.Object)
UnityEditor.GameObjectInspector/PreviewData:.ctor (UnityEngine.Object)
UnityEditor.GameObjectInspector:GetPreviewData ()
UnityEditor.GameObjectInspector:RenderStaticPreview (string,UnityEngine.Object[],int,int)
UnityEditor.AssetPreviewUpdater:CreatePreview (UnityEngine.Object,UnityEngine.Object[],string,int,int)
UnityEditor.AssetPreviewUpdater:CreatePreviewForAsset (UnityEngine.Object,UnityEngine.Object[],string)

[C:\buildslave\unity\build\Modules\Animation\AnimatorController.cpp line 871]

 -> (artifact id: '4924bca085cdf1b1680e5a3e9316ff56') in 0.247481 seconds 
========================================================================
Received Import Request.
  Time since last request: 0.000314 seconds.
  path: Assets/Supercyan Character Pack Free Sample/Prefabs
  artifactKey: Guid(95a779c7172f3a44c95f30305823626f) Importer(815301076,1909f56bfc062723c751e8b465ee728b)
Start importing Assets/Supercyan Character Pack Free Sample/Prefabs using Guid(95a779c7172f3a44c95f30305823626f) Importer(815301076,1909f56bfc062723c751e8b465ee728b)  -> (artifact id: '017fb3bdb149228b4bf4cca88f399fdd') in 0.004507 seconds 
========================================================================
Received Import Request.
  Time since last request: 0.000323 seconds.
  path: Assets/Supercyan Character Pack Free Sample/Prefabs/Base
  artifactKey: Guid(0ab18ef640fc1e14abd86fbd0d9eee67) Importer(815301076,1909f56bfc062723c751e8b465ee728b)
Start importing Assets/Supercyan Character Pack Free Sample/Prefabs/Base using Guid(0ab18ef640fc1e14abd86fbd0d9eee67) Importer(815301076,1909f56bfc062723c751e8b465ee728b)  -> (artifact id: '58122d803e25a3d36d55bdb716a8361d') in 0.004533 seconds 
========================================================================
Received Import Request.
  Time since last request: 0.000307 seconds.
  path: Assets/virus.fbx
  artifactKey: Guid(d56f4f646ec7ba54ebb63741e505df68) Importer(815301076,1909f56bfc062723c751e8b465ee728b)
Start importing Assets/virus.fbx using Guid(d56f4f646ec7ba54ebb63741e505df68) Importer(815301076,1909f56bfc062723c751e8b465ee728b)  -> (artifact id: 'eb1ff64825aed3141c81d2ebbaf09979') in 0.213382 seconds 
========================================================================
Received Prepare
Registering precompiled user dll's ...
Registered in 0.096347 seconds.
Begin MonoManager ReloadAssembly
Symbol file LoadedFromMemory doesn't match image D:\Unity Project\PTS Game Development\Library\PackageCache\com.unity.visualscripting@1.6.1\Editor\VisualScripting.Core\Dependencies\YamlDotNet\Unity.VisualScripting.YamlDotNet.dll
Symbol file LoadedFromMemory doesn't match image D:\Unity Project\PTS Game Development\Library\PackageCache\com.unity.visualscripting@1.6.1\Editor\VisualScripting.Core\Dependencies\DotNetZip\Unity.VisualScripting.IonicZip.dll
Native extension for WindowsStandalone target not found
Refreshing native plugins compatible for Editor in 0.64 ms, found 3 plugins.
Preloading 0 native plugins for Editor in 0.00 ms.
Mono: successfully reloaded assembly
- Completed reload, in  0.994 seconds
Domain Reload Profiling:
	ReloadAssembly (995ms)
		BeginReloadAssembly (137ms)
			ExecutionOrderSort (0ms)
			DisableScriptedObjects (4ms)
			BackupInstance (0ms)
			ReleaseScriptingObjects (0ms)
			CreateAndSetChildDomain (37ms)
		EndReloadAssembly (800ms)
			LoadAssemblies (107ms)
			RebuildTransferFunctionScriptingTraits (0ms)
			SetupTypeCache (321ms)
			ReleaseScriptCaches (1ms)
			RebuildScriptCaches (38ms)
			SetupLoadedEditorAssemblies (263ms)
				LogAssemblyErrors (0ms)
				InitializePlatformSupportModulesInManaged (5ms)
				SetLoadedEditorAssemblies (0ms)
				RefreshPlugins (1ms)
				BeforeProcessingInitializeOnLoad (50ms)
				ProcessInitializeOnLoadAttributes (196ms)
				ProcessInitializeOnLoadMethodAttributes (5ms)
				AfterProcessingInitializeOnLoad (6ms)
				EditorAssembliesLoaded (0ms)
			ExecutionOrderSort2 (0ms)
			AwakeInstancesAfterBackupRestoration (7ms)
Platform modules already initialized, skipping
Refreshing native plugins compatible for Editor in 0.54 ms, found 3 plugins.
Preloading 0 native plugins for Editor in 0.00 ms.
Unloading 2943 Unused Serialized files (Serialized files now loaded: 0)
System memory in use before: 124.7 MB.
System memory in use after: 124.9 MB.

Unloading 15 unused Assets to reduce memory usage. Loaded Objects now: 3444.
Total: 3.297500 ms (FindLiveObjects: 0.216300 ms CreateObjectMapping: 0.129800 ms MarkObjects: 2.927900 ms  DeleteObjects: 0.022500 ms)

AssetImportParameters requested are different than current active one (requested -> active):
  custom:framework-win-MediaFoundation: 216162199b28c13a410421893ffa2e32 -> 
  custom:video-decoder-ogg-theora: a1e56fd34408186e4bbccfd4996cb3dc -> 
  custom:container-muxer-webm: aa71ff27fc2769a1b78a27578f13a17b -> 
  custom:container-demuxer-webm: 4f35f7cbe854078d1ac9338744f61a02 -> 
  custom:container-demuxer-ogg: 62fdf1f143b41e24485cea50d1cbac27 -> 
  custom:video-encoder-webm-vp8: eb34c28f22e8b96e1ab97ce403110664 -> 
  custom:video-decoder-webm-vp8: 9c59270c3fd7afecdb556c50c9e8de78 -> 
  custom:audio-decoder-ogg-vorbis: bf7c407c2cedff20999df2af8eb42d56 -> 
  custom:audio-encoder-webm-vorbis: bf7c407c2cedff20999df2af8eb42d56 -> 
AssetImportWorkerClient::OnTransportError - code=2 error=End of file
